{
  "stats": {
    "suites": 1,
    "tests": 1,
    "passes": 1,
    "pending": 0,
    "failures": 0,
    "start": "2025-04-21T09:45:40.271Z",
    "end": "2025-04-21T09:47:03.080Z",
    "duration": 82809,
    "testsRegistered": 1,
    "passPercent": 100,
    "pendingPercent": 0,
    "other": 0,
    "hasOther": false,
    "skipped": 0,
    "hasSkipped": false
  },
  "results": [
    {
      "uuid": "18d437e2-e832-42fa-a0dd-1d96a8f4e41d",
      "title": "",
      "fullFile": "cypress/e2e/wishlist.cy.js",
      "file": "cypress/e2e/wishlist.cy.js",
      "beforeHooks": [],
      "afterHooks": [],
      "tests": [],
      "suites": [
        {
          "uuid": "d39bf5f4-825f-4675-aa16-c40b4094868a",
          "title": "Test Case C - Wishlist to Checkout",
          "fullFile": "",
          "file": "",
          "beforeHooks": [],
          "afterHooks": [],
          "tests": [
            {
              "title": "Add product to whishlist and checkout",
              "fullTitle": "Test Case C - Wishlist to Checkout Add product to whishlist and checkout",
              "timedOut": null,
              "duration": 82806,
              "state": "passed",
              "speed": "slow",
              "pass": true,
              "fail": false,
              "pending": false,
              "context": null,
              "code": "testUtils.navigateToURL(baseURL);\nhomePage.navigateToSignInPage();\nloginPage.login(_userData.default.email, _userData.default.password);\nloginPage.verifyLogin();\nproductPage.searchForProduct(_userData.default.sku1);\nproductPage.searchAndClickProduct(_userData.default.sku1);\nproductPage.selectColor(_userData.default.sku1Color);\nproductPage.selectSize(_userData.default.sku1Size);\nproductPage.setSkuPrice(\"sku1Price\");\nproductPage.selectQty(_userData.default.sku1Qty);\nproductPage.addProductToWishList();\nproductPage.addToCartFromWishList();\ncartPage.navigateToCart();\ncartPage.proceedToCheckout();\ncheckoutPage.fillShippingDetails();\ncheckoutPage.continueToPayment();\ncheckoutPage.placeOrder();\ncheckoutPage.orderConfirmation();",
              "err": {},
              "uuid": "35b07f20-b31d-4cc5-a0e1-1bde3642356e",
              "parentUUID": "d39bf5f4-825f-4675-aa16-c40b4094868a",
              "isHook": false,
              "skipped": false
            }
          ],
          "suites": [],
          "passes": [
            "35b07f20-b31d-4cc5-a0e1-1bde3642356e"
          ],
          "failures": [],
          "pending": [],
          "skipped": [],
          "duration": 82806,
          "root": false,
          "rootEmpty": false,
          "_timeout": 2000
        }
      ],
      "passes": [],
      "failures": [],
      "pending": [],
      "skipped": [],
      "duration": 0,
      "root": true,
      "rootEmpty": true,
      "_timeout": 2000
    }
  ],
  "meta": {
    "mocha": {
      "version": "7.2.0"
    },
    "mochawesome": {
      "options": {
        "quiet": false,
        "reportFilename": "mochawesome",
        "saveHtml": true,
        "saveJson": true,
        "consoleReporter": "spec",
        "useInlineDiffs": false,
        "code": true
      },
      "version": "7.1.3"
    },
    "marge": {
      "options": {
        "charts": true,
        "reportPageTitle": "Magento UI Test Report",
        "embeddedScreenshots": true,
        "inlineAssets": true,
        "saveAllAttempts": false
      },
      "version": "6.2.0"
    }
  }
}